==============================================================================
Tests                                                                         
==============================================================================
Tests.Tag Test                                                                
==============================================================================
Test Case 1                                                           | PASS |
------------------------------------------------------------------------------
Test Case 2                                                           | PASS |
------------------------------------------------------------------------------
Test Case 3                                                           | PASS |
------------------------------------------------------------------------------
Test Case 4                                                           | PASS |
------------------------------------------------------------------------------
Test Case 5                                                           | PASS |
------------------------------------------------------------------------------
Test Case 6                                                           | SKIP |
Test skipped using 'robot:skip' tag.
------------------------------------------------------------------------------
Test Case 8                                                           | PASS |
------------------------------------------------------------------------------
Test Case 9                                                           | PASS |
------------------------------------------------------------------------------
Tests.Tag Test                                                        | PASS |
8 tests, 7 passed, 0 failed, 1 skipped
==============================================================================
Tests                                                                 | PASS |
8 tests, 7 passed, 0 failed, 1 skipped
==============================================================================
Output:  /Users/sunnybharne/code/Robot-Framework/pabot_results/3/output.xml
