==============================================================================
Tests                                                                         
==============================================================================
Tests.Variables Test :: This is variable file for the test suite              
==============================================================================
Integer                                                               | PASS |
------------------------------------------------------------------------------
Decimal                                                               | PASS |
------------------------------------------------------------------------------
List                                                                  | PASS |
------------------------------------------------------------------------------
Dictionary                                                            | PASS |
------------------------------------------------------------------------------
Tests.Variables Test :: This is variable file for the test suite      | PASS |
4 tests, 4 passed, 0 failed
==============================================================================
Tests                                                                 | PASS |
4 tests, 4 passed, 0 failed
==============================================================================
Output:  /Users/sunnybharne/code/Robot-Framework/pabot_results/5/output.xml
